[2025-12-23 19:14:36] local.ERROR: The /home/runner/work/Assignment-Laravel/Assignment-Laravel/laravel-backend/bootstrap/cache directory must be present and writable. {"exception":"[object] (Exception(code: 0): The /home/runner/work/Assignment-Laravel/Assignment-Laravel/laravel-backend/bootstrap/cache directory must be present and writable. at /home/runner/work/Assignment-Laravel/Assignment-Laravel/laravel-backend/vendor/laravel/framework/src/Illuminate/Foundation/PackageManifest.php:179)
[stacktrace]
#0 /home/runner/work/Assignment-Laravel/Assignment-Laravel/laravel-backend/vendor/laravel/framework/src/Illuminate/Foundation/PackageManifest.php(132): Illuminate\\Foundation\\PackageManifest->write()
#1 /home/runner/work/Assignment-Laravel/Assignment-Laravel/laravel-backend/vendor/laravel/framework/src/Illuminate/Foundation/PackageManifest.php(108): Illuminate\\Foundation\\PackageManifest->build()
#2 /home/runner/work/Assignment-Laravel/Assignment-Laravel/laravel-backend/vendor/laravel/framework/src/Illuminate/Foundation/PackageManifest.php(91): Illuminate\\Foundation\\PackageManifest->getManifest()
#3 /home/runner/work/Assignment-Laravel/Assignment-Laravel/laravel-backend/vendor/laravel/framework/src/Illuminate/Foundation/PackageManifest.php(80): Illuminate\\Foundation\\PackageManifest->config()
#4 /home/runner/work/Assignment-Laravel/Assignment-Laravel/laravel-backend/vendor/laravel/framework/src/Illuminate/Foundation/Bootstrap/RegisterFacades.php(26): Illuminate\\Foundation\\PackageManifest->aliases()
#5 /home/runner/work/Assignment-Laravel/Assignment-Laravel/laravel-backend/vendor/laravel/framework/src/Illuminate/Foundation/Application.php(342): Illuminate\\Foundation\\Bootstrap\\RegisterFacades->bootstrap()
#6 /home/runner/work/Assignment-Laravel/Assignment-Laravel/laravel-backend/vendor/laravel/framework/src/Illuminate/Foundation/Console/Kernel.php(474): Illuminate\\Foundation\\Application->bootstrapWith()
#7 /home/runner/work/Assignment-Laravel/Assignment-Laravel/laravel-backend/vendor/laravel/framework/src/Illuminate/Foundation/Console/Kernel.php(196): Illuminate\\Foundation\\Console\\Kernel->bootstrap()
#8 /home/runner/work/Assignment-Laravel/Assignment-Laravel/laravel-backend/artisan(14): Illuminate\\Foundation\\Console\\Kernel->handle()
#9 {main}
"} 
[2025-12-23 19:16:30] local.ERROR: Class "App\Http\Controllers\Controller" not found {"exception":"[object] (Error(code: 0): Class \"App\\Http\\Controllers\\Controller\" not found at /home/runner/work/Assignment-Laravel/Assignment-Laravel/laravel-backend/app/Http/Controllers/ArticleController.php:9)
[stacktrace]
#0 /home/runner/work/Assignment-Laravel/Assignment-Laravel/laravel-backend/vendor/composer/ClassLoader.php(576): include()
#1 /home/runner/work/Assignment-Laravel/Assignment-Laravel/laravel-backend/vendor/composer/ClassLoader.php(427): Composer\\Autoload\\{closure}()
#2 [internal function]: Composer\\Autoload\\ClassLoader->loadClass()
#3 /home/runner/work/Assignment-Laravel/Assignment-Laravel/laravel-backend/vendor/laravel/framework/src/Illuminate/Routing/Route.php(1117): is_a()
#4 /home/runner/work/Assignment-Laravel/Assignment-Laravel/laravel-backend/vendor/laravel/framework/src/Illuminate/Routing/Route.php(1054): Illuminate\\Routing\\Route->controllerMiddleware()
#5 /home/runner/work/Assignment-Laravel/Assignment-Laravel/laravel-backend/vendor/laravel/framework/src/Illuminate/Routing/Router.php(820): Illuminate\\Routing\\Route->gatherMiddleware()
#6 /home/runner/work/Assignment-Laravel/Assignment-Laravel/laravel-backend/vendor/laravel/framework/src/Illuminate/Routing/Router.php(802): Illuminate\\Routing\\Router->gatherRouteMiddleware()
#7 /home/runner/work/Assignment-Laravel/Assignment-Laravel/laravel-backend/vendor/laravel/framework/src/Illuminate/Routing/Router.php(786): Illuminate\\Routing\\Router->runRouteWithinStack()
#8 /home/runner/work/Assignment-Laravel/Assignment-Laravel/laravel-backend/vendor/laravel/framework/src/Illuminate/Routing/Router.php(750): Illuminate\\Routing\\Router->runRoute()
#9 /home/runner/work/Assignment-Laravel/Assignment-Laravel/laravel-backend/vendor/laravel/framework/src/Illuminate/Routing/Router.php(739): Illuminate\\Routing\\Router->dispatchToRoute()
#10 /home/runner/work/Assignment-Laravel/Assignment-Laravel/laravel-backend/vendor/laravel/framework/src/Illuminate/Foundation/Http/Kernel.php(201): Illuminate\\Routing\\Router->dispatch()
#11 /home/runner/work/Assignment-Laravel/Assignment-Laravel/laravel-backend/vendor/laravel/framework/src/Illuminate/Pipeline/Pipeline.php(170): Illuminate\\Foundation\\Http\\Kernel->Illuminate\\Foundation\\Http\\{closure}()
#12 /home/runner/work/Assignment-Laravel/Assignment-Laravel/laravel-backend/vendor/laravel/framework/src/Illuminate/Foundation/Http/Middleware/TransformsRequest.php(21): Illuminate\\Pipeline\\Pipeline->Illuminate\\Pipeline\\{closure}()
#13 /home/runner/work/Assignment-Laravel/Assignment-Laravel/laravel-backend/vendor/laravel/framework/src/Illuminate/Foundation/Http/Middleware/ConvertEmptyStringsToNull.php(31): Illuminate\\Foundation\\Http\\Middleware\\TransformsRequest->handle()
#14 /home/runner/work/Assignment-Laravel/Assignment-Laravel/laravel-backend/vendor/laravel/framework/src/Illuminate/Pipeline/Pipeline.php(209): Illuminate\\Foundation\\Http\\Middleware\\ConvertEmptyStringsToNull->handle()
#15 /home/runner/work/Assignment-Laravel/Assignment-Laravel/laravel-backend/vendor/laravel/framework/src/Illuminate/Foundation/Http/Middleware/TransformsRequest.php(21): Illuminate\\Pipeline\\Pipeline->Illuminate\\Pipeline\\{closure}()
#16 /home/runner/work/Assignment-Laravel/Assignment-Laravel/laravel-backend/vendor/laravel/framework/src/Illuminate/Foundation/Http/Middleware/TrimStrings.php(51): Illuminate\\Foundation\\Http\\Middleware\\TransformsRequest->handle()
#17 /home/runner/work/Assignment-Laravel/Assignment-Laravel/laravel-backend/vendor/laravel/framework/src/Illuminate/Pipeline/Pipeline.php(209): Illuminate\\Foundation\\Http\\Middleware\\TrimStrings->handle()
#18 /home/runner/work/Assignment-Laravel/Assignment-Laravel/laravel-backend/vendor/laravel/framework/src/Illuminate/Http/Middleware/ValidatePostSize.php(27): Illuminate\\Pipeline\\Pipeline->Illuminate\\Pipeline\\{closure}()
#19 /home/runner/work/Assignment-Laravel/Assignment-Laravel/laravel-backend/vendor/laravel/framework/src/Illuminate/Pipeline/Pipeline.php(209): Illuminate\\Http\\Middleware\\ValidatePostSize->handle()
#20 /home/runner/work/Assignment-Laravel/Assignment-Laravel/laravel-backend/vendor/laravel/framework/src/Illuminate/Foundation/Http/Middleware/PreventRequestsDuringMaintenance.php(110): Illuminate\\Pipeline\\Pipeline->Illuminate\\Pipeline\\{closure}()
#21 /home/runner/work/Assignment-Laravel/Assignment-Laravel/laravel-backend/vendor/laravel/framework/src/Illuminate/Pipeline/Pipeline.php(209): Illuminate\\Foundation\\Http\\Middleware\\PreventRequestsDuringMaintenance->handle()
#22 /home/runner/work/Assignment-Laravel/Assignment-Laravel/laravel-backend/vendor/laravel/framework/src/Illuminate/Http/Middleware/HandleCors.php(62): Illuminate\\Pipeline\\Pipeline->Illuminate\\Pipeline\\{closure}()
#23 /home/runner/work/Assignment-Laravel/Assignment-Laravel/laravel-backend/vendor/laravel/framework/src/Illuminate/Pipeline/Pipeline.php(209): Illuminate\\Http\\Middleware\\HandleCors->handle()
#24 /home/runner/work/Assignment-Laravel/Assignment-Laravel/laravel-backend/vendor/laravel/framework/src/Illuminate/Http/Middleware/TrustProxies.php(58): Illuminate\\Pipeline\\Pipeline->Illuminate\\Pipeline\\{closure}()
#25 /home/runner/work/Assignment-Laravel/Assignment-Laravel/laravel-backend/vendor/laravel/framework/src/Illuminate/Pipeline/Pipeline.php(209): Illuminate\\Http\\Middleware\\TrustProxies->handle()
#26 /home/runner/work/Assignment-Laravel/Assignment-Laravel/laravel-backend/vendor/laravel/framework/src/Illuminate/Foundation/Http/Middleware/InvokeDeferredCallbacks.php(22): Illuminate\\Pipeline\\Pipeline->Illuminate\\Pipeline\\{closure}()
#27 /home/runner/work/Assignment-Laravel/Assignment-Laravel/laravel-backend/vendor/laravel/framework/src/Illuminate/Pipeline/Pipeline.php(209): Illuminate\\Foundation\\Http\\Middleware\\InvokeDeferredCallbacks->handle()
#28 /home/runner/work/Assignment-Laravel/Assignment-Laravel/laravel-backend/vendor/laravel/framework/src/Illuminate/Pipeline/Pipeline.php(127): Illuminate\\Pipeline\\Pipeline->Illuminate\\Pipeline\\{closure}()
#29 /home/runner/work/Assignment-Laravel/Assignment-Laravel/laravel-backend/vendor/laravel/framework/src/Illuminate/Foundation/Http/Kernel.php(176): Illuminate\\Pipeline\\Pipeline->then()
#30 /home/runner/work/Assignment-Laravel/Assignment-Laravel/laravel-backend/vendor/laravel/framework/src/Illuminate/Foundation/Http/Kernel.php(145): Illuminate\\Foundation\\Http\\Kernel->sendRequestThroughRouter()
#31 /home/runner/work/Assignment-Laravel/Assignment-Laravel/laravel-backend/vendor/laravel/framework/src/Illuminate/Foundation/Application.php(1220): Illuminate\\Foundation\\Http\\Kernel->handle()
#32 /home/runner/work/Assignment-Laravel/Assignment-Laravel/laravel-backend/public/index.php(17): Illuminate\\Foundation\\Application->handleRequest()
#33 /home/runner/work/Assignment-Laravel/Assignment-Laravel/laravel-backend/vendor/laravel/framework/src/Illuminate/Foundation/resources/server.php(23): require_once('...')
#34 {main}
"} 
[2025-12-23 19:16:37] local.ERROR: Class "App\Http\Controllers\Controller" not found {"exception":"[object] (Error(code: 0): Class \"App\\Http\\Controllers\\Controller\" not found at /home/runner/work/Assignment-Laravel/Assignment-Laravel/laravel-backend/app/Http/Controllers/ArticleController.php:9)
[stacktrace]
#0 /home/runner/work/Assignment-Laravel/Assignment-Laravel/laravel-backend/vendor/composer/ClassLoader.php(576): include()
#1 /home/runner/work/Assignment-Laravel/Assignment-Laravel/laravel-backend/vendor/composer/ClassLoader.php(427): Composer\\Autoload\\{closure}()
#2 [internal function]: Composer\\Autoload\\ClassLoader->loadClass()
#3 /home/runner/work/Assignment-Laravel/Assignment-Laravel/laravel-backend/vendor/laravel/framework/src/Illuminate/Routing/Route.php(1117): is_a()
#4 /home/runner/work/Assignment-Laravel/Assignment-Laravel/laravel-backend/vendor/laravel/framework/src/Illuminate/Routing/Route.php(1054): Illuminate\\Routing\\Route->controllerMiddleware()
#5 /home/runner/work/Assignment-Laravel/Assignment-Laravel/laravel-backend/vendor/laravel/framework/src/Illuminate/Routing/Router.php(820): Illuminate\\Routing\\Route->gatherMiddleware()
#6 /home/runner/work/Assignment-Laravel/Assignment-Laravel/laravel-backend/vendor/laravel/framework/src/Illuminate/Routing/Router.php(802): Illuminate\\Routing\\Router->gatherRouteMiddleware()
#7 /home/runner/work/Assignment-Laravel/Assignment-Laravel/laravel-backend/vendor/laravel/framework/src/Illuminate/Routing/Router.php(786): Illuminate\\Routing\\Router->runRouteWithinStack()
#8 /home/runner/work/Assignment-Laravel/Assignment-Laravel/laravel-backend/vendor/laravel/framework/src/Illuminate/Routing/Router.php(750): Illuminate\\Routing\\Router->runRoute()
#9 /home/runner/work/Assignment-Laravel/Assignment-Laravel/laravel-backend/vendor/laravel/framework/src/Illuminate/Routing/Router.php(739): Illuminate\\Routing\\Router->dispatchToRoute()
#10 /home/runner/work/Assignment-Laravel/Assignment-Laravel/laravel-backend/vendor/laravel/framework/src/Illuminate/Foundation/Http/Kernel.php(201): Illuminate\\Routing\\Router->dispatch()
#11 /home/runner/work/Assignment-Laravel/Assignment-Laravel/laravel-backend/vendor/laravel/framework/src/Illuminate/Pipeline/Pipeline.php(170): Illuminate\\Foundation\\Http\\Kernel->Illuminate\\Foundation\\Http\\{closure}()
#12 /home/runner/work/Assignment-Laravel/Assignment-Laravel/laravel-backend/vendor/laravel/framework/src/Illuminate/Foundation/Http/Middleware/TransformsRequest.php(21): Illuminate\\Pipeline\\Pipeline->Illuminate\\Pipeline\\{closure}()
#13 /home/runner/work/Assignment-Laravel/Assignment-Laravel/laravel-backend/vendor/laravel/framework/src/Illuminate/Foundation/Http/Middleware/ConvertEmptyStringsToNull.php(31): Illuminate\\Foundation\\Http\\Middleware\\TransformsRequest->handle()
#14 /home/runner/work/Assignment-Laravel/Assignment-Laravel/laravel-backend/vendor/laravel/framework/src/Illuminate/Pipeline/Pipeline.php(209): Illuminate\\Foundation\\Http\\Middleware\\ConvertEmptyStringsToNull->handle()
#15 /home/runner/work/Assignment-Laravel/Assignment-Laravel/laravel-backend/vendor/laravel/framework/src/Illuminate/Foundation/Http/Middleware/TransformsRequest.php(21): Illuminate\\Pipeline\\Pipeline->Illuminate\\Pipeline\\{closure}()
#16 /home/runner/work/Assignment-Laravel/Assignment-Laravel/laravel-backend/vendor/laravel/framework/src/Illuminate/Foundation/Http/Middleware/TrimStrings.php(51): Illuminate\\Foundation\\Http\\Middleware\\TransformsRequest->handle()
#17 /home/runner/work/Assignment-Laravel/Assignment-Laravel/laravel-backend/vendor/laravel/framework/src/Illuminate/Pipeline/Pipeline.php(209): Illuminate\\Foundation\\Http\\Middleware\\TrimStrings->handle()
#18 /home/runner/work/Assignment-Laravel/Assignment-Laravel/laravel-backend/vendor/laravel/framework/src/Illuminate/Http/Middleware/ValidatePostSize.php(27): Illuminate\\Pipeline\\Pipeline->Illuminate\\Pipeline\\{closure}()
#19 /home/runner/work/Assignment-Laravel/Assignment-Laravel/laravel-backend/vendor/laravel/framework/src/Illuminate/Pipeline/Pipeline.php(209): Illuminate\\Http\\Middleware\\ValidatePostSize->handle()
#20 /home/runner/work/Assignment-Laravel/Assignment-Laravel/laravel-backend/vendor/laravel/framework/src/Illuminate/Foundation/Http/Middleware/PreventRequestsDuringMaintenance.php(110): Illuminate\\Pipeline\\Pipeline->Illuminate\\Pipeline\\{closure}()
#21 /home/runner/work/Assignment-Laravel/Assignment-Laravel/laravel-backend/vendor/laravel/framework/src/Illuminate/Pipeline/Pipeline.php(209): Illuminate\\Foundation\\Http\\Middleware\\PreventRequestsDuringMaintenance->handle()
#22 /home/runner/work/Assignment-Laravel/Assignment-Laravel/laravel-backend/vendor/laravel/framework/src/Illuminate/Http/Middleware/HandleCors.php(62): Illuminate\\Pipeline\\Pipeline->Illuminate\\Pipeline\\{closure}()
#23 /home/runner/work/Assignment-Laravel/Assignment-Laravel/laravel-backend/vendor/laravel/framework/src/Illuminate/Pipeline/Pipeline.php(209): Illuminate\\Http\\Middleware\\HandleCors->handle()
#24 /home/runner/work/Assignment-Laravel/Assignment-Laravel/laravel-backend/vendor/laravel/framework/src/Illuminate/Http/Middleware/TrustProxies.php(58): Illuminate\\Pipeline\\Pipeline->Illuminate\\Pipeline\\{closure}()
#25 /home/runner/work/Assignment-Laravel/Assignment-Laravel/laravel-backend/vendor/laravel/framework/src/Illuminate/Pipeline/Pipeline.php(209): Illuminate\\Http\\Middleware\\TrustProxies->handle()
#26 /home/runner/work/Assignment-Laravel/Assignment-Laravel/laravel-backend/vendor/laravel/framework/src/Illuminate/Foundation/Http/Middleware/InvokeDeferredCallbacks.php(22): Illuminate\\Pipeline\\Pipeline->Illuminate\\Pipeline\\{closure}()
#27 /home/runner/work/Assignment-Laravel/Assignment-Laravel/laravel-backend/vendor/laravel/framework/src/Illuminate/Pipeline/Pipeline.php(209): Illuminate\\Foundation\\Http\\Middleware\\InvokeDeferredCallbacks->handle()
#28 /home/runner/work/Assignment-Laravel/Assignment-Laravel/laravel-backend/vendor/laravel/framework/src/Illuminate/Pipeline/Pipeline.php(127): Illuminate\\Pipeline\\Pipeline->Illuminate\\Pipeline\\{closure}()
#29 /home/runner/work/Assignment-Laravel/Assignment-Laravel/laravel-backend/vendor/laravel/framework/src/Illuminate/Foundation/Http/Kernel.php(176): Illuminate\\Pipeline\\Pipeline->then()
#30 /home/runner/work/Assignment-Laravel/Assignment-Laravel/laravel-backend/vendor/laravel/framework/src/Illuminate/Foundation/Http/Kernel.php(145): Illuminate\\Foundation\\Http\\Kernel->sendRequestThroughRouter()
#31 /home/runner/work/Assignment-Laravel/Assignment-Laravel/laravel-backend/vendor/laravel/framework/src/Illuminate/Foundation/Application.php(1220): Illuminate\\Foundation\\Http\\Kernel->handle()
#32 /home/runner/work/Assignment-Laravel/Assignment-Laravel/laravel-backend/public/index.php(17): Illuminate\\Foundation\\Application->handleRequest()
#33 /home/runner/work/Assignment-Laravel/Assignment-Laravel/laravel-backend/vendor/laravel/framework/src/Illuminate/Foundation/resources/server.php(23): require_once('...')
#34 {main}
"} 
[2025-12-23 19:16:45] local.ERROR: Class "App\Http\Controllers\Controller" not found {"exception":"[object] (Error(code: 0): Class \"App\\Http\\Controllers\\Controller\" not found at /home/runner/work/Assignment-Laravel/Assignment-Laravel/laravel-backend/app/Http/Controllers/ArticleController.php:9)
[stacktrace]
#0 /home/runner/work/Assignment-Laravel/Assignment-Laravel/laravel-backend/vendor/composer/ClassLoader.php(576): include()
#1 /home/runner/work/Assignment-Laravel/Assignment-Laravel/laravel-backend/vendor/composer/ClassLoader.php(427): Composer\\Autoload\\{closure}()
#2 [internal function]: Composer\\Autoload\\ClassLoader->loadClass()
#3 /home/runner/work/Assignment-Laravel/Assignment-Laravel/laravel-backend/vendor/laravel/framework/src/Illuminate/Routing/Route.php(1117): is_a()
#4 /home/runner/work/Assignment-Laravel/Assignment-Laravel/laravel-backend/vendor/laravel/framework/src/Illuminate/Routing/Route.php(1054): Illuminate\\Routing\\Route->controllerMiddleware()
#5 /home/runner/work/Assignment-Laravel/Assignment-Laravel/laravel-backend/vendor/laravel/framework/src/Illuminate/Routing/Router.php(820): Illuminate\\Routing\\Route->gatherMiddleware()
#6 /home/runner/work/Assignment-Laravel/Assignment-Laravel/laravel-backend/vendor/laravel/framework/src/Illuminate/Routing/Router.php(802): Illuminate\\Routing\\Router->gatherRouteMiddleware()
#7 /home/runner/work/Assignment-Laravel/Assignment-Laravel/laravel-backend/vendor/laravel/framework/src/Illuminate/Routing/Router.php(786): Illuminate\\Routing\\Router->runRouteWithinStack()
#8 /home/runner/work/Assignment-Laravel/Assignment-Laravel/laravel-backend/vendor/laravel/framework/src/Illuminate/Routing/Router.php(750): Illuminate\\Routing\\Router->runRoute()
#9 /home/runner/work/Assignment-Laravel/Assignment-Laravel/laravel-backend/vendor/laravel/framework/src/Illuminate/Routing/Router.php(739): Illuminate\\Routing\\Router->dispatchToRoute()
#10 /home/runner/work/Assignment-Laravel/Assignment-Laravel/laravel-backend/vendor/laravel/framework/src/Illuminate/Foundation/Http/Kernel.php(201): Illuminate\\Routing\\Router->dispatch()
#11 /home/runner/work/Assignment-Laravel/Assignment-Laravel/laravel-backend/vendor/laravel/framework/src/Illuminate/Pipeline/Pipeline.php(170): Illuminate\\Foundation\\Http\\Kernel->Illuminate\\Foundation\\Http\\{closure}()
#12 /home/runner/work/Assignment-Laravel/Assignment-Laravel/laravel-backend/vendor/laravel/framework/src/Illuminate/Foundation/Http/Middleware/TransformsRequest.php(21): Illuminate\\Pipeline\\Pipeline->Illuminate\\Pipeline\\{closure}()
#13 /home/runner/work/Assignment-Laravel/Assignment-Laravel/laravel-backend/vendor/laravel/framework/src/Illuminate/Foundation/Http/Middleware/ConvertEmptyStringsToNull.php(31): Illuminate\\Foundation\\Http\\Middleware\\TransformsRequest->handle()
#14 /home/runner/work/Assignment-Laravel/Assignment-Laravel/laravel-backend/vendor/laravel/framework/src/Illuminate/Pipeline/Pipeline.php(209): Illuminate\\Foundation\\Http\\Middleware\\ConvertEmptyStringsToNull->handle()
#15 /home/runner/work/Assignment-Laravel/Assignment-Laravel/laravel-backend/vendor/laravel/framework/src/Illuminate/Foundation/Http/Middleware/TransformsRequest.php(21): Illuminate\\Pipeline\\Pipeline->Illuminate\\Pipeline\\{closure}()
#16 /home/runner/work/Assignment-Laravel/Assignment-Laravel/laravel-backend/vendor/laravel/framework/src/Illuminate/Foundation/Http/Middleware/TrimStrings.php(51): Illuminate\\Foundation\\Http\\Middleware\\TransformsRequest->handle()
#17 /home/runner/work/Assignment-Laravel/Assignment-Laravel/laravel-backend/vendor/laravel/framework/src/Illuminate/Pipeline/Pipeline.php(209): Illuminate\\Foundation\\Http\\Middleware\\TrimStrings->handle()
#18 /home/runner/work/Assignment-Laravel/Assignment-Laravel/laravel-backend/vendor/laravel/framework/src/Illuminate/Http/Middleware/ValidatePostSize.php(27): Illuminate\\Pipeline\\Pipeline->Illuminate\\Pipeline\\{closure}()
#19 /home/runner/work/Assignment-Laravel/Assignment-Laravel/laravel-backend/vendor/laravel/framework/src/Illuminate/Pipeline/Pipeline.php(209): Illuminate\\Http\\Middleware\\ValidatePostSize->handle()
#20 /home/runner/work/Assignment-Laravel/Assignment-Laravel/laravel-backend/vendor/laravel/framework/src/Illuminate/Foundation/Http/Middleware/PreventRequestsDuringMaintenance.php(110): Illuminate\\Pipeline\\Pipeline->Illuminate\\Pipeline\\{closure}()
#21 /home/runner/work/Assignment-Laravel/Assignment-Laravel/laravel-backend/vendor/laravel/framework/src/Illuminate/Pipeline/Pipeline.php(209): Illuminate\\Foundation\\Http\\Middleware\\PreventRequestsDuringMaintenance->handle()
#22 /home/runner/work/Assignment-Laravel/Assignment-Laravel/laravel-backend/vendor/laravel/framework/src/Illuminate/Http/Middleware/HandleCors.php(62): Illuminate\\Pipeline\\Pipeline->Illuminate\\Pipeline\\{closure}()
#23 /home/runner/work/Assignment-Laravel/Assignment-Laravel/laravel-backend/vendor/laravel/framework/src/Illuminate/Pipeline/Pipeline.php(209): Illuminate\\Http\\Middleware\\HandleCors->handle()
#24 /home/runner/work/Assignment-Laravel/Assignment-Laravel/laravel-backend/vendor/laravel/framework/src/Illuminate/Http/Middleware/TrustProxies.php(58): Illuminate\\Pipeline\\Pipeline->Illuminate\\Pipeline\\{closure}()
#25 /home/runner/work/Assignment-Laravel/Assignment-Laravel/laravel-backend/vendor/laravel/framework/src/Illuminate/Pipeline/Pipeline.php(209): Illuminate\\Http\\Middleware\\TrustProxies->handle()
#26 /home/runner/work/Assignment-Laravel/Assignment-Laravel/laravel-backend/vendor/laravel/framework/src/Illuminate/Foundation/Http/Middleware/InvokeDeferredCallbacks.php(22): Illuminate\\Pipeline\\Pipeline->Illuminate\\Pipeline\\{closure}()
#27 /home/runner/work/Assignment-Laravel/Assignment-Laravel/laravel-backend/vendor/laravel/framework/src/Illuminate/Pipeline/Pipeline.php(209): Illuminate\\Foundation\\Http\\Middleware\\InvokeDeferredCallbacks->handle()
#28 /home/runner/work/Assignment-Laravel/Assignment-Laravel/laravel-backend/vendor/laravel/framework/src/Illuminate/Pipeline/Pipeline.php(127): Illuminate\\Pipeline\\Pipeline->Illuminate\\Pipeline\\{closure}()
#29 /home/runner/work/Assignment-Laravel/Assignment-Laravel/laravel-backend/vendor/laravel/framework/src/Illuminate/Foundation/Http/Kernel.php(176): Illuminate\\Pipeline\\Pipeline->then()
#30 /home/runner/work/Assignment-Laravel/Assignment-Laravel/laravel-backend/vendor/laravel/framework/src/Illuminate/Foundation/Http/Kernel.php(145): Illuminate\\Foundation\\Http\\Kernel->sendRequestThroughRouter()
#31 /home/runner/work/Assignment-Laravel/Assignment-Laravel/laravel-backend/vendor/laravel/framework/src/Illuminate/Foundation/Application.php(1220): Illuminate\\Foundation\\Http\\Kernel->handle()
#32 /home/runner/work/Assignment-Laravel/Assignment-Laravel/laravel-backend/public/index.php(17): Illuminate\\Foundation\\Application->handleRequest()
#33 /home/runner/work/Assignment-Laravel/Assignment-Laravel/laravel-backend/vendor/laravel/framework/src/Illuminate/Foundation/resources/server.php(23): require_once('...')
#34 {main}
"} 
